<?xml version="1.0" encoding="UTF-8"?>
<testng-results ignored="0" total="1" passed="1" failed="0" skipped="0">
  <reporter-output>
  </reporter-output>
  <suite started-at="2023-02-21T13:42:34 IST" name="Default suite" finished-at="2023-02-21T13:42:54 IST" duration-ms="20571">
    <groups>
    </groups>
    <test started-at="2023-02-21T13:42:34 IST" name="Default test" finished-at="2023-02-21T13:42:54 IST" duration-ms="20571">
      <class name="testScripts.FirstTest">
        <test-method is-config="true" signature="classConfiguration()[pri:0, instance:testScripts.FirstTest@342c38f8]" started-at="2023-02-21T13:42:34 IST" name="classConfiguration" finished-at="2023-02-21T13:42:35 IST" duration-ms="1084" status="PASS">
          <reporter-output>
          </reporter-output>
        </test-method> <!-- classConfiguration -->
        <test-method is-config="true" signature="methodConfiguration()[pri:0, instance:testScripts.FirstTest@342c38f8]" started-at="2023-02-21T13:42:35 IST" name="methodConfiguration" finished-at="2023-02-21T13:42:44 IST" duration-ms="8971" status="PASS">
          <reporter-output>
          </reporter-output>
        </test-method> <!-- methodConfiguration -->
        <test-method signature="firstTest()[pri:0, instance:testScripts.FirstTest@342c38f8]" started-at="2023-02-21T13:42:44 IST" name="firstTest" finished-at="2023-02-21T13:42:54 IST" duration-ms="9961" status="PASS">
          <reporter-output>
          </reporter-output>
        </test-method> <!-- firstTest -->
        <test-method is-config="true" signature="methodTearDown()[pri:0, instance:testScripts.FirstTest@342c38f8]" started-at="2023-02-21T13:42:54 IST" name="methodTearDown" finished-at="2023-02-21T13:42:54 IST" duration-ms="501" status="PASS">
          <reporter-output>
          </reporter-output>
        </test-method> <!-- methodTearDown -->
        <test-method is-config="true" signature="classTearDown()[pri:0, instance:testScripts.FirstTest@342c38f8]" started-at="2023-02-21T13:42:54 IST" name="classTearDown" finished-at="2023-02-21T13:42:54 IST" duration-ms="1" status="PASS">
          <reporter-output>
          </reporter-output>
        </test-method> <!-- classTearDown -->
      </class> <!-- testScripts.FirstTest -->
    </test> <!-- Default test -->
  </suite> <!-- Default suite -->
</testng-results>
